<?xml version="1.0" encoding="UTF-8"?>
<robot generator="Robot 5.0.1 (Python 3.8.10 on linux)" generated="20221211 11:11:14.494" rpa="false" schemaversion="3">
<suite id="s1" name="Variables ListsAndDictionaries" source="/home/lpereira/Desktop/Dev/RobotFrameWorkTutorial/TestCases/Variables_ListsAndDictionaries.robot">
<test id="s1-t1" name="Teste case 2" line="24">
<kw name="Log To Console" library="BuiltIn">
<arg>${DICTIONARY}[username]</arg>
<doc>Logs the given message to the console.</doc>
<status status="PASS" starttime="20221211 11:11:14.552" endtime="20221211 11:11:14.553"/>
</kw>
<kw name="Log To Console" library="BuiltIn">
<arg>${DICTIONARY}[password]</arg>
<doc>Logs the given message to the console.</doc>
<status status="PASS" starttime="20221211 11:11:14.554" endtime="20221211 11:11:14.555"/>
</kw>
<status status="PASS" starttime="20221211 11:11:14.551" endtime="20221211 11:11:14.557"/>
</test>
<doc>Robot Framework Tutorial Part 9 - Variables, Lists And Dictionaries - https://www.youtube.com/watch?v=HU0C9r2Ghwk&amp;t=169s</doc>
<status status="PASS" starttime="20221211 11:11:14.499" endtime="20221211 11:11:14.559"/>
</suite>
<statistics>
<total>
<stat pass="1" fail="0" skip="0">All Tests</stat>
</total>
<tag>
</tag>
<suite>
<stat pass="1" fail="0" skip="0" id="s1" name="Variables ListsAndDictionaries">Variables ListsAndDictionaries</stat>
</suite>
</statistics>
<errors>
</errors>
</robot>
