<?xml version="1.0" encoding="UTF-8"?>
<robot generator="Robot 5.0.1 (Python 3.8.10 on linux)" generated="20221129 16:01:38.184" rpa="false" schemaversion="3">
<suite id="s1" name="IfElseDemo" source="/home/lpereira/Desktop/Dev/RobotFrameWorkTutorial/TestCases/IfElseDemo.robot">
<test id="s1-t1" name="Test Case to demonstrate IF/ELSE in Robot Framework" line="10">
<kw name="Open Browser" library="SeleniumLibrary">
<arg>${url}</arg>
<arg>${browser}</arg>
<doc>Opens a new browser instance to the optional ``url``.</doc>
<msg timestamp="20221129 16:01:38.394" level="INFO">Opening browser 'chrome' to base url 'https://www.saucedemo.com/'.</msg>
<status status="PASS" starttime="20221129 16:01:38.393" endtime="20221129 16:01:41.341"/>
</kw>
<kw name="Maximize Browser Window" library="SeleniumLibrary">
<doc>Maximizes current browser window.</doc>
<status status="PASS" starttime="20221129 16:01:41.341" endtime="20221129 16:01:41.447"/>
</kw>
<kw name="Input Text" library="SeleniumLibrary">
<arg>id:user-name</arg>
<arg>standard_user</arg>
<doc>Types the given ``text`` into the text field identified by ``locator``.</doc>
<msg timestamp="20221129 16:01:41.449" level="INFO">Typing text 'standard_user' into text field 'id:user-name'.</msg>
<status status="PASS" starttime="20221129 16:01:41.448" endtime="20221129 16:01:41.584"/>
</kw>
<kw name="Input Text" library="SeleniumLibrary">
<arg>id:password</arg>
<arg>secret_sauce</arg>
<doc>Types the given ``text`` into the text field identified by ``locator``.</doc>
<msg timestamp="20221129 16:01:41.585" level="INFO">Typing text 'secret_sauce' into text field 'id:password'.</msg>
<status status="PASS" starttime="20221129 16:01:41.585" endtime="20221129 16:01:41.690"/>
</kw>
<kw name="Click Button" library="SeleniumLibrary">
<arg>id:login-button</arg>
<doc>Clicks the button identified by ``locator``.</doc>
<msg timestamp="20221129 16:01:41.691" level="INFO">Clicking button 'id:login-button'.</msg>
<status status="PASS" starttime="20221129 16:01:41.690" endtime="20221129 16:01:41.816"/>
</kw>
<doc>Test Case to demonstrate IF/ELSE in Robot Framework</doc>
<status status="PASS" starttime="20221129 16:01:38.392" endtime="20221129 16:01:41.817"/>
</test>
<status status="PASS" starttime="20221129 16:01:38.189" endtime="20221129 16:01:41.818"/>
</suite>
<statistics>
<total>
<stat pass="1" fail="0" skip="0">All Tests</stat>
</total>
<tag>
</tag>
<suite>
<stat pass="1" fail="0" skip="0" id="s1" name="IfElseDemo">IfElseDemo</stat>
</suite>
</statistics>
<errors>
</errors>
</robot>
